{"C:\\Users\\TJTD1\\OneDrive\\Documenten\\Projects\\Fullstackopen\\Fullstackopen_Part5\\Frontend\\src\\App.jsx": {"path":"C:\\Users\\TJTD1\\OneDrive\\Documenten\\Projects\\Fullstackopen\\Fullstackopen_Part5\\Frontend\\src\\App.jsx","statementMap":{"0":{"start":{"line":11,"column":12},"end":{"line":121,"column":1}},"1":{"start":{"line":12,"column":28},"end":{"line":12,"column":40}},"2":{"start":{"line":13,"column":26},"end":{"line":13,"column":40}},"3":{"start":{"line":14,"column":56},"end":{"line":14,"column":70}},"4":{"start":{"line":15,"column":42},"end":{"line":15,"column":56}},"5":{"start":{"line":17,"column":2},"end":{"line":21,"column":12}},"6":{"start":{"line":18,"column":24},"end":{"line":19,"column":42}},"7":{"start":{"line":19,"column":6},"end":{"line":19,"column":42}},"8":{"start":{"line":20,"column":4},"end":{"line":20,"column":17}},"9":{"start":{"line":23,"column":2},"end":{"line":30,"column":8}},"10":{"start":{"line":24,"column":27},"end":{"line":24,"column":75}},"11":{"start":{"line":25,"column":4},"end":{"line":29,"column":5}},"12":{"start":{"line":26,"column":19},"end":{"line":26,"column":45}},"13":{"start":{"line":27,"column":6},"end":{"line":27,"column":19}},"14":{"start":{"line":28,"column":6},"end":{"line":28,"column":38}},"15":{"start":{"line":32,"column":22},"end":{"line":32,"column":30}},"16":{"start":{"line":34,"column":18},"end":{"line":44,"column":3}},"17":{"start":{"line":35,"column":4},"end":{"line":43,"column":5}},"18":{"start":{"line":36,"column":23},"end":{"line":36,"column":59}},"19":{"start":{"line":37,"column":6},"end":{"line":37,"column":26}},"20":{"start":{"line":38,"column":6},"end":{"line":38,"column":38}},"21":{"start":{"line":39,"column":6},"end":{"line":39,"column":105}},"22":{"start":{"line":40,"column":6},"end":{"line":40,"column":44}},"23":{"start":{"line":42,"column":6},"end":{"line":42,"column":42}},"24":{"start":{"line":46,"column":39},"end":{"line":49,"column":3}},"25":{"start":{"line":47,"column":4},"end":{"line":47,"column":35}},"26":{"start":{"line":48,"column":4},"end":{"line":48,"column":56}},"27":{"start":{"line":48,"column":21},"end":{"line":48,"column":49}},"28":{"start":{"line":51,"column":32},"end":{"line":54,"column":3}},"29":{"start":{"line":52,"column":4},"end":{"line":52,"column":28}},"30":{"start":{"line":53,"column":4},"end":{"line":53,"column":49}},"31":{"start":{"line":53,"column":21},"end":{"line":53,"column":42}},"32":{"start":{"line":56,"column":22},"end":{"line":70,"column":3}},"33":{"start":{"line":57,"column":4},"end":{"line":69,"column":5}},"34":{"start":{"line":58,"column":19},"end":{"line":60,"column":8}},"35":{"start":{"line":61,"column":6},"end":{"line":63,"column":7}},"36":{"start":{"line":64,"column":6},"end":{"line":64,"column":38}},"37":{"start":{"line":65,"column":6},"end":{"line":65,"column":19}},"38":{"start":{"line":66,"column":6},"end":{"line":66,"column":47}},"39":{"start":{"line":68,"column":6},"end":{"line":68,"column":48}},"40":{"start":{"line":72,"column":23},"end":{"line":76,"column":3}},"41":{"start":{"line":73,"column":4},"end":{"line":73,"column":55}},"42":{"start":{"line":74,"column":4},"end":{"line":74,"column":28}},"43":{"start":{"line":75,"column":4},"end":{"line":75,"column":17}},"44":{"start":{"line":78,"column":21},"end":{"line":90,"column":3}},"45":{"start":{"line":79,"column":4},"end":{"line":89,"column":5}},"46":{"start":{"line":80,"column":6},"end":{"line":80,"column":34}},"47":{"start":{"line":81,"column":6},"end":{"line":81,"column":52}},"48":{"start":{"line":81,"column":36},"end":{"line":81,"column":50}},"49":{"start":{"line":82,"column":6},"end":{"line":82,"column":55}},"50":{"start":{"line":84,"column":6},"end":{"line":88,"column":7}},"51":{"start":{"line":85,"column":8},"end":{"line":85,"column":66}},"52":{"start":{"line":87,"column":8},"end":{"line":87,"column":63}},"53":{"start":{"line":94,"column":2},"end":{"line":120,"column":3}},"54":{"start":{"line":116,"column":28},"end":{"line":116,"column":45}},"55":{"start":{"line":117,"column":8},"end":{"line":117,"column":78}}},"fnMap":{"0":{"name":"(anonymous_0)","decl":{"start":{"line":11,"column":12},"end":{"line":11,"column":13}},"loc":{"start":{"line":11,"column":18},"end":{"line":121,"column":1}},"line":11},"1":{"name":"(anonymous_1)","decl":{"start":{"line":17,"column":12},"end":{"line":17,"column":13}},"loc":{"start":{"line":17,"column":18},"end":{"line":21,"column":3}},"line":17},"2":{"name":"(anonymous_2)","decl":{"start":{"line":18,"column":24},"end":{"line":18,"column":25}},"loc":{"start":{"line":19,"column":6},"end":{"line":19,"column":42}},"line":19},"3":{"name":"(anonymous_3)","decl":{"start":{"line":23,"column":12},"end":{"line":23,"column":13}},"loc":{"start":{"line":23,"column":18},"end":{"line":30,"column":3}},"line":23},"4":{"name":"(anonymous_4)","decl":{"start":{"line":34,"column":18},"end":{"line":34,"column":19}},"loc":{"start":{"line":34,"column":40},"end":{"line":44,"column":3}},"line":34},"5":{"name":"(anonymous_5)","decl":{"start":{"line":46,"column":39},"end":{"line":46,"column":40}},"loc":{"start":{"line":46,"column":50},"end":{"line":49,"column":3}},"line":46},"6":{"name":"(anonymous_6)","decl":{"start":{"line":48,"column":15},"end":{"line":48,"column":16}},"loc":{"start":{"line":48,"column":21},"end":{"line":48,"column":49}},"line":48},"7":{"name":"(anonymous_7)","decl":{"start":{"line":51,"column":32},"end":{"line":51,"column":33}},"loc":{"start":{"line":51,"column":43},"end":{"line":54,"column":3}},"line":51},"8":{"name":"(anonymous_8)","decl":{"start":{"line":53,"column":15},"end":{"line":53,"column":16}},"loc":{"start":{"line":53,"column":21},"end":{"line":53,"column":42}},"line":53},"9":{"name":"(anonymous_9)","decl":{"start":{"line":56,"column":22},"end":{"line":56,"column":23}},"loc":{"start":{"line":56,"column":52},"end":{"line":70,"column":3}},"line":56},"10":{"name":"(anonymous_10)","decl":{"start":{"line":72,"column":23},"end":{"line":72,"column":24}},"loc":{"start":{"line":72,"column":29},"end":{"line":76,"column":3}},"line":72},"11":{"name":"(anonymous_11)","decl":{"start":{"line":78,"column":21},"end":{"line":78,"column":22}},"loc":{"start":{"line":78,"column":35},"end":{"line":90,"column":3}},"line":78},"12":{"name":"(anonymous_12)","decl":{"start":{"line":81,"column":28},"end":{"line":81,"column":29}},"loc":{"start":{"line":81,"column":36},"end":{"line":81,"column":50}},"line":81},"13":{"name":"(anonymous_13)","decl":{"start":{"line":116,"column":18},"end":{"line":116,"column":19}},"loc":{"start":{"line":116,"column":28},"end":{"line":116,"column":45}},"line":116},"14":{"name":"(anonymous_14)","decl":{"start":{"line":116,"column":51},"end":{"line":116,"column":52}},"loc":{"start":{"line":117,"column":8},"end":{"line":117,"column":78}},"line":117}},"branchMap":{"0":{"loc":{"start":{"line":25,"column":4},"end":{"line":29,"column":5}},"type":"if","locations":[{"start":{"line":25,"column":4},"end":{"line":29,"column":5}},{"start":{},"end":{}}],"line":25},"1":{"loc":{"start":{"line":84,"column":6},"end":{"line":88,"column":7}},"type":"if","locations":[{"start":{"line":84,"column":6},"end":{"line":88,"column":7}},{"start":{"line":86,"column":13},"end":{"line":88,"column":7}}],"line":84},"2":{"loc":{"start":{"line":98,"column":7},"end":{"line":102,"column":20}},"type":"binary-expr","locations":[{"start":{"line":98,"column":7},"end":{"line":98,"column":12}},{"start":{"line":99,"column":8},"end":{"line":102,"column":20}}],"line":98},"3":{"loc":{"start":{"line":107,"column":7},"end":{"line":114,"column":12}},"type":"binary-expr","locations":[{"start":{"line":107,"column":7},"end":{"line":107,"column":11}},{"start":{"line":107,"column":15},"end":{"line":114,"column":12}}],"line":107}},"s":{"0":0,"1":0,"2":0,"3":0,"4":0,"5":0,"6":0,"7":0,"8":0,"9":0,"10":0,"11":0,"12":0,"13":0,"14":0,"15":0,"16":0,"17":0,"18":0,"19":0,"20":0,"21":0,"22":0,"23":0,"24":0,"25":0,"26":0,"27":0,"28":0,"29":0,"30":0,"31":0,"32":0,"33":0,"34":0,"35":0,"36":0,"37":0,"38":0,"39":0,"40":0,"41":0,"42":0,"43":0,"44":0,"45":0,"46":0,"47":0,"48":0,"49":0,"50":0,"51":0,"52":0,"53":0,"54":0,"55":0},"f":{"0":0,"1":0,"2":0,"3":0,"4":0,"5":0,"6":0,"7":0,"8":0,"9":0,"10":0,"11":0,"12":0,"13":0,"14":0},"b":{"0":[0,0],"1":[0,0],"2":[0,0],"3":[0,0]}}
,"C:\\Users\\TJTD1\\OneDrive\\Documenten\\Projects\\Fullstackopen\\Fullstackopen_Part5\\Frontend\\src\\main.jsx": {"path":"C:\\Users\\TJTD1\\OneDrive\\Documenten\\Projects\\Fullstackopen\\Fullstackopen_Part5\\Frontend\\src\\main.jsx","statementMap":{"0":{"start":{"line":4,"column":0},"end":{"line":4,"column":68}}},"fnMap":{},"branchMap":{},"s":{"0":0},"f":{},"b":{}}
,"C:\\Users\\TJTD1\\OneDrive\\Documenten\\Projects\\Fullstackopen\\Fullstackopen_Part5\\Frontend\\src\\components\\Blog.jsx": {"path":"C:\\Users\\TJTD1\\OneDrive\\Documenten\\Projects\\Fullstackopen\\Fullstackopen_Part5\\Frontend\\src\\components\\Blog.jsx","statementMap":{"0":{"start":{"line":7,"column":13},"end":{"line":50,"column":1}},"1":{"start":{"line":8,"column":26},"end":{"line":8,"column":41}},"2":{"start":{"line":9,"column":28},"end":{"line":9,"column":48}},"3":{"start":{"line":11,"column":22},"end":{"line":15,"column":3}},"4":{"start":{"line":17,"column":21},"end":{"line":26,"column":3}},"5":{"start":{"line":18,"column":4},"end":{"line":25,"column":5}},"6":{"start":{"line":19,"column":6},"end":{"line":19,"column":21}},"7":{"start":{"line":20,"column":23},"end":{"line":20,"column":27}},"8":{"start":{"line":21,"column":6},"end":{"line":21,"column":48}},"9":{"start":{"line":22,"column":6},"end":{"line":22,"column":25}},"10":{"start":{"line":24,"column":6},"end":{"line":24,"column":24}},"11":{"start":{"line":28,"column":23},"end":{"line":32,"column":3}},"12":{"start":{"line":29,"column":4},"end":{"line":31,"column":5}},"13":{"start":{"line":30,"column":6},"end":{"line":30,"column":25}},"14":{"start":{"line":34,"column":2},"end":{"line":48,"column":3}},"15":{"start":{"line":36,"column":66},"end":{"line":36,"column":80}},"16":{"start":{"line":52,"column":0},"end":{"line":56,"column":1}}},"fnMap":{"0":{"name":"(anonymous_0)","decl":{"start":{"line":7,"column":13},"end":{"line":7,"column":14}},"loc":{"start":{"line":7,"column":45},"end":{"line":50,"column":1}},"line":7},"1":{"name":"(anonymous_1)","decl":{"start":{"line":17,"column":21},"end":{"line":17,"column":22}},"loc":{"start":{"line":17,"column":33},"end":{"line":26,"column":3}},"line":17},"2":{"name":"(anonymous_2)","decl":{"start":{"line":28,"column":23},"end":{"line":28,"column":24}},"loc":{"start":{"line":28,"column":35},"end":{"line":32,"column":3}},"line":28},"3":{"name":"(anonymous_3)","decl":{"start":{"line":36,"column":60},"end":{"line":36,"column":61}},"loc":{"start":{"line":36,"column":66},"end":{"line":36,"column":80}},"line":36}},"branchMap":{"0":{"loc":{"start":{"line":29,"column":4},"end":{"line":31,"column":5}},"type":"if","locations":[{"start":{"line":29,"column":4},"end":{"line":31,"column":5}},{"start":{},"end":{}}],"line":29},"1":{"loc":{"start":{"line":36,"column":83},"end":{"line":36,"column":105}},"type":"cond-expr","locations":[{"start":{"line":36,"column":90},"end":{"line":36,"column":96}},{"start":{"line":36,"column":99},"end":{"line":36,"column":105}}],"line":36},"2":{"loc":{"start":{"line":37,"column":7},"end":{"line":45,"column":14}},"type":"binary-expr","locations":[{"start":{"line":37,"column":7},"end":{"line":37,"column":11}},{"start":{"line":38,"column":8},"end":{"line":45,"column":14}}],"line":37},"3":{"loc":{"start":{"line":41,"column":22},"end":{"line":41,"column":64}},"type":"cond-expr","locations":[{"start":{"line":41,"column":34},"end":{"line":41,"column":52}},{"start":{"line":41,"column":55},"end":{"line":41,"column":64}}],"line":41},"4":{"loc":{"start":{"line":42,"column":11},"end":{"line":43,"column":58}},"type":"binary-expr","locations":[{"start":{"line":42,"column":12},"end":{"line":42,"column":66}},{"start":{"line":43,"column":12},"end":{"line":43,"column":58}}],"line":42},"5":{"loc":{"start":{"line":42,"column":12},"end":{"line":42,"column":66}},"type":"cond-expr","locations":[{"start":{"line":42,"column":34},"end":{"line":42,"column":58}},{"start":{"line":42,"column":61},"end":{"line":42,"column":66}}],"line":42},"6":{"loc":{"start":{"line":42,"column":13},"end":{"line":42,"column":30}},"type":"binary-expr","locations":[{"start":{"line":42,"column":13},"end":{"line":42,"column":17}},{"start":{"line":42,"column":21},"end":{"line":42,"column":30}}],"line":42}},"s":{"0":1,"1":3,"2":3,"3":3,"4":3,"5":0,"6":0,"7":0,"8":0,"9":0,"10":0,"11":3,"12":0,"13":0,"14":3,"15":1,"16":1},"f":{"0":3,"1":0,"2":0,"3":1},"b":{"0":[0,0],"1":[1,2],"2":[3,1],"3":[1,0],"4":[1,1],"5":[1,0],"6":[1,1]},"_coverageSchema":"1a1c01bbd47fc00a2c39e90264f33305004495a9","hash":"86b13276ecbf37c21302620c5d744da2e0d747c2"}
,"C:\\Users\\TJTD1\\OneDrive\\Documenten\\Projects\\Fullstackopen\\Fullstackopen_Part5\\Frontend\\src\\components\\BlogForm.jsx": {"path":"C:\\Users\\TJTD1\\OneDrive\\Documenten\\Projects\\Fullstackopen\\Fullstackopen_Part5\\Frontend\\src\\components\\BlogForm.jsx","statementMap":{"0":{"start":{"line":5,"column":17},"end":{"line":59,"column":1}},"1":{"start":{"line":6,"column":18},"end":{"line":18,"column":3}},"2":{"start":{"line":7,"column":4},"end":{"line":7,"column":26}},"3":{"start":{"line":8,"column":23},"end":{"line":12,"column":5}},"4":{"start":{"line":13,"column":4},"end":{"line":13,"column":26}},"5":{"start":{"line":14,"column":4},"end":{"line":14,"column":16}},"6":{"start":{"line":15,"column":4},"end":{"line":15,"column":17}},"7":{"start":{"line":16,"column":4},"end":{"line":16,"column":14}},"8":{"start":{"line":20,"column":28},"end":{"line":20,"column":40}},"9":{"start":{"line":21,"column":30},"end":{"line":21,"column":42}},"10":{"start":{"line":22,"column":24},"end":{"line":22,"column":36}},"11":{"start":{"line":24,"column":2},"end":{"line":58,"column":3}},"12":{"start":{"line":32,"column":36},"end":{"line":32,"column":58}},"13":{"start":{"line":42,"column":36},"end":{"line":42,"column":59}},"14":{"start":{"line":52,"column":36},"end":{"line":52,"column":56}},"15":{"start":{"line":61,"column":0},"end":{"line":63,"column":1}}},"fnMap":{"0":{"name":"(anonymous_0)","decl":{"start":{"line":5,"column":17},"end":{"line":5,"column":18}},"loc":{"start":{"line":5,"column":37},"end":{"line":59,"column":1}},"line":5},"1":{"name":"(anonymous_1)","decl":{"start":{"line":6,"column":18},"end":{"line":6,"column":19}},"loc":{"start":{"line":6,"column":29},"end":{"line":18,"column":3}},"line":6},"2":{"name":"(anonymous_2)","decl":{"start":{"line":32,"column":20},"end":{"line":32,"column":21}},"loc":{"start":{"line":32,"column":36},"end":{"line":32,"column":58}},"line":32},"3":{"name":"(anonymous_3)","decl":{"start":{"line":42,"column":20},"end":{"line":42,"column":21}},"loc":{"start":{"line":42,"column":36},"end":{"line":42,"column":59}},"line":42},"4":{"name":"(anonymous_4)","decl":{"start":{"line":52,"column":20},"end":{"line":52,"column":21}},"loc":{"start":{"line":52,"column":36},"end":{"line":52,"column":56}},"line":52}},"branchMap":{},"s":{"0":1,"1":31,"2":1,"3":1,"4":1,"5":1,"6":1,"7":1,"8":31,"9":31,"10":31,"11":31,"12":10,"13":11,"14":8,"15":1},"f":{"0":31,"1":1,"2":10,"3":11,"4":8},"b":{},"_coverageSchema":"1a1c01bbd47fc00a2c39e90264f33305004495a9","hash":"8381095e2146330b6451c3a0c77f37aff44483b2"}
,"C:\\Users\\TJTD1\\OneDrive\\Documenten\\Projects\\Fullstackopen\\Fullstackopen_Part5\\Frontend\\src\\components\\Error.jsx": {"path":"C:\\Users\\TJTD1\\OneDrive\\Documenten\\Projects\\Fullstackopen\\Fullstackopen_Part5\\Frontend\\src\\components\\Error.jsx","statementMap":{"0":{"start":{"line":3,"column":14},"end":{"line":22,"column":1}},"1":{"start":{"line":4,"column":28},"end":{"line":12,"column":3}},"2":{"start":{"line":13,"column":2},"end":{"line":15,"column":3}},"3":{"start":{"line":14,"column":4},"end":{"line":14,"column":15}},"4":{"start":{"line":17,"column":2},"end":{"line":21,"column":3}},"5":{"start":{"line":24,"column":0},"end":{"line":26,"column":1}}},"fnMap":{"0":{"name":"(anonymous_0)","decl":{"start":{"line":3,"column":14},"end":{"line":3,"column":15}},"loc":{"start":{"line":3,"column":31},"end":{"line":22,"column":1}},"line":3}},"branchMap":{"0":{"loc":{"start":{"line":13,"column":2},"end":{"line":15,"column":3}},"type":"if","locations":[{"start":{"line":13,"column":2},"end":{"line":15,"column":3}},{"start":{},"end":{}}],"line":13}},"s":{"0":0,"1":0,"2":0,"3":0,"4":0,"5":0},"f":{"0":0},"b":{"0":[0,0]}}
,"C:\\Users\\TJTD1\\OneDrive\\Documenten\\Projects\\Fullstackopen\\Fullstackopen_Part5\\Frontend\\src\\components\\Login.jsx": {"path":"C:\\Users\\TJTD1\\OneDrive\\Documenten\\Projects\\Fullstackopen\\Fullstackopen_Part5\\Frontend\\src\\components\\Login.jsx","statementMap":{"0":{"start":{"line":4,"column":14},"end":{"line":38,"column":1}},"1":{"start":{"line":5,"column":34},"end":{"line":5,"column":46}},"2":{"start":{"line":6,"column":34},"end":{"line":6,"column":46}},"3":{"start":{"line":8,"column":16},"end":{"line":13,"column":3}},"4":{"start":{"line":9,"column":4},"end":{"line":9,"column":26}},"5":{"start":{"line":10,"column":4},"end":{"line":10,"column":19}},"6":{"start":{"line":11,"column":4},"end":{"line":11,"column":19}},"7":{"start":{"line":12,"column":4},"end":{"line":12,"column":35}},"8":{"start":{"line":15,"column":2},"end":{"line":37,"column":3}},"9":{"start":{"line":23,"column":36},"end":{"line":23,"column":61}},"10":{"start":{"line":32,"column":36},"end":{"line":32,"column":61}},"11":{"start":{"line":40,"column":0},"end":{"line":42,"column":1}}},"fnMap":{"0":{"name":"(anonymous_0)","decl":{"start":{"line":4,"column":14},"end":{"line":4,"column":15}},"loc":{"start":{"line":4,"column":35},"end":{"line":38,"column":1}},"line":4},"1":{"name":"(anonymous_1)","decl":{"start":{"line":8,"column":16},"end":{"line":8,"column":17}},"loc":{"start":{"line":8,"column":27},"end":{"line":13,"column":3}},"line":8},"2":{"name":"(anonymous_2)","decl":{"start":{"line":23,"column":20},"end":{"line":23,"column":21}},"loc":{"start":{"line":23,"column":36},"end":{"line":23,"column":61}},"line":23},"3":{"name":"(anonymous_3)","decl":{"start":{"line":32,"column":20},"end":{"line":32,"column":21}},"loc":{"start":{"line":32,"column":36},"end":{"line":32,"column":61}},"line":32}},"branchMap":{},"s":{"0":0,"1":0,"2":0,"3":0,"4":0,"5":0,"6":0,"7":0,"8":0,"9":0,"10":0,"11":0},"f":{"0":0,"1":0,"2":0,"3":0},"b":{}}
,"C:\\Users\\TJTD1\\OneDrive\\Documenten\\Projects\\Fullstackopen\\Fullstackopen_Part5\\Frontend\\src\\components\\Notification.jsx": {"path":"C:\\Users\\TJTD1\\OneDrive\\Documenten\\Projects\\Fullstackopen\\Fullstackopen_Part5\\Frontend\\src\\components\\Notification.jsx","statementMap":{"0":{"start":{"line":3,"column":21},"end":{"line":22,"column":1}},"1":{"start":{"line":4,"column":28},"end":{"line":12,"column":3}},"2":{"start":{"line":13,"column":2},"end":{"line":15,"column":3}},"3":{"start":{"line":14,"column":4},"end":{"line":14,"column":15}},"4":{"start":{"line":17,"column":2},"end":{"line":21,"column":3}},"5":{"start":{"line":24,"column":0},"end":{"line":26,"column":1}}},"fnMap":{"0":{"name":"(anonymous_0)","decl":{"start":{"line":3,"column":21},"end":{"line":3,"column":22}},"loc":{"start":{"line":3,"column":38},"end":{"line":22,"column":1}},"line":3}},"branchMap":{"0":{"loc":{"start":{"line":13,"column":2},"end":{"line":15,"column":3}},"type":"if","locations":[{"start":{"line":13,"column":2},"end":{"line":15,"column":3}},{"start":{},"end":{}}],"line":13}},"s":{"0":0,"1":0,"2":0,"3":0,"4":0,"5":0},"f":{"0":0},"b":{"0":[0,0]}}
,"C:\\Users\\TJTD1\\OneDrive\\Documenten\\Projects\\Fullstackopen\\Fullstackopen_Part5\\Frontend\\src\\components\\Togglable.jsx": {"path":"C:\\Users\\TJTD1\\OneDrive\\Documenten\\Projects\\Fullstackopen\\Fullstackopen_Part5\\Frontend\\src\\components\\Togglable.jsx","statementMap":{"0":{"start":{"line":4,"column":18},"end":{"line":32,"column":2}},"1":{"start":{"line":5,"column":32},"end":{"line":5,"column":47}},"2":{"start":{"line":7,"column":26},"end":{"line":7,"column":60}},"3":{"start":{"line":8,"column":26},"end":{"line":8,"column":60}},"4":{"start":{"line":10,"column":27},"end":{"line":12,"column":3}},"5":{"start":{"line":11,"column":4},"end":{"line":11,"column":24}},"6":{"start":{"line":14,"column":2},"end":{"line":18,"column":4}},"7":{"start":{"line":15,"column":4},"end":{"line":17,"column":5}},"8":{"start":{"line":20,"column":2},"end":{"line":31,"column":3}},"9":{"start":{"line":33,"column":0},"end":{"line":33,"column":35}},"10":{"start":{"line":35,"column":0},"end":{"line":38,"column":1}}},"fnMap":{"0":{"name":"(anonymous_0)","decl":{"start":{"line":4,"column":29},"end":{"line":4,"column":30}},"loc":{"start":{"line":4,"column":46},"end":{"line":32,"column":1}},"line":4},"1":{"name":"(anonymous_1)","decl":{"start":{"line":10,"column":27},"end":{"line":10,"column":28}},"loc":{"start":{"line":10,"column":33},"end":{"line":12,"column":3}},"line":10},"2":{"name":"(anonymous_2)","decl":{"start":{"line":14,"column":28},"end":{"line":14,"column":29}},"loc":{"start":{"line":14,"column":34},"end":{"line":18,"column":3}},"line":14}},"branchMap":{"0":{"loc":{"start":{"line":7,"column":37},"end":{"line":7,"column":58}},"type":"cond-expr","locations":[{"start":{"line":7,"column":47},"end":{"line":7,"column":53}},{"start":{"line":7,"column":56},"end":{"line":7,"column":58}}],"line":7},"1":{"loc":{"start":{"line":8,"column":37},"end":{"line":8,"column":58}},"type":"cond-expr","locations":[{"start":{"line":8,"column":47},"end":{"line":8,"column":49}},{"start":{"line":8,"column":52},"end":{"line":8,"column":58}}],"line":8}},"s":{"0":1,"1":8,"2":7,"3":7,"4":7,"5":3,"6":7,"7":0,"8":7,"9":1,"10":1},"f":{"0":8,"1":3,"2":0},"b":{"0":[2,5],"1":[2,5]},"_coverageSchema":"1a1c01bbd47fc00a2c39e90264f33305004495a9","hash":"3a3814006e6c6893269fe2c373a7613607280287"}
,"C:\\Users\\TJTD1\\OneDrive\\Documenten\\Projects\\Fullstackopen\\Fullstackopen_Part5\\Frontend\\src\\services\\blogs.js": {"path":"C:\\Users\\TJTD1\\OneDrive\\Documenten\\Projects\\Fullstackopen\\Fullstackopen_Part5\\Frontend\\src\\services\\blogs.js","statementMap":{"0":{"start":{"line":2,"column":16},"end":{"line":2,"column":28}},"1":{"start":{"line":4,"column":12},"end":{"line":4,"column":16}},"2":{"start":{"line":6,"column":17},"end":{"line":8,"column":1}},"3":{"start":{"line":7,"column":2},"end":{"line":7,"column":30}},"4":{"start":{"line":10,"column":15},"end":{"line":13,"column":1}},"5":{"start":{"line":11,"column":19},"end":{"line":11,"column":43}},"6":{"start":{"line":12,"column":2},"end":{"line":12,"column":22}},"7":{"start":{"line":15,"column":15},"end":{"line":21,"column":1}},"8":{"start":{"line":16,"column":17},"end":{"line":18,"column":3}},"9":{"start":{"line":19,"column":19},"end":{"line":19,"column":63}},"10":{"start":{"line":20,"column":2},"end":{"line":20,"column":22}},"11":{"start":{"line":23,"column":12},"end":{"line":29,"column":1}},"12":{"start":{"line":27,"column":19},"end":{"line":27,"column":65}},"13":{"start":{"line":28,"column":2},"end":{"line":28,"column":22}},"14":{"start":{"line":31,"column":15},"end":{"line":37,"column":1}},"15":{"start":{"line":32,"column":17},"end":{"line":34,"column":3}},"16":{"start":{"line":35,"column":19},"end":{"line":35,"column":65}},"17":{"start":{"line":36,"column":2},"end":{"line":36,"column":22}}},"fnMap":{"0":{"name":"(anonymous_0)","decl":{"start":{"line":6,"column":17},"end":{"line":6,"column":18}},"loc":{"start":{"line":6,"column":29},"end":{"line":8,"column":1}},"line":6},"1":{"name":"(anonymous_1)","decl":{"start":{"line":10,"column":15},"end":{"line":10,"column":16}},"loc":{"start":{"line":10,"column":27},"end":{"line":13,"column":1}},"line":10},"2":{"name":"(anonymous_2)","decl":{"start":{"line":15,"column":15},"end":{"line":15,"column":16}},"loc":{"start":{"line":15,"column":34},"end":{"line":21,"column":1}},"line":15},"3":{"name":"(anonymous_3)","decl":{"start":{"line":23,"column":12},"end":{"line":23,"column":13}},"loc":{"start":{"line":23,"column":37},"end":{"line":29,"column":1}},"line":23},"4":{"name":"(anonymous_4)","decl":{"start":{"line":31,"column":15},"end":{"line":31,"column":16}},"loc":{"start":{"line":31,"column":27},"end":{"line":37,"column":1}},"line":31}},"branchMap":{},"s":{"0":1,"1":1,"2":1,"3":0,"4":1,"5":0,"6":0,"7":1,"8":0,"9":0,"10":0,"11":1,"12":0,"13":0,"14":1,"15":0,"16":0,"17":0},"f":{"0":0,"1":0,"2":0,"3":0,"4":0},"b":{},"_coverageSchema":"1a1c01bbd47fc00a2c39e90264f33305004495a9","hash":"f5cc42b0157ff0a89583759d2acba9dfeb00f39f"}
,"C:\\Users\\TJTD1\\OneDrive\\Documenten\\Projects\\Fullstackopen\\Fullstackopen_Part5\\Frontend\\src\\services\\login.js": {"path":"C:\\Users\\TJTD1\\OneDrive\\Documenten\\Projects\\Fullstackopen\\Fullstackopen_Part5\\Frontend\\src\\services\\login.js","statementMap":{"0":{"start":{"line":2,"column":16},"end":{"line":2,"column":28}},"1":{"start":{"line":4,"column":14},"end":{"line":7,"column":1}},"2":{"start":{"line":5,"column":19},"end":{"line":5,"column":57}},"3":{"start":{"line":6,"column":2},"end":{"line":6,"column":22}}},"fnMap":{"0":{"name":"(anonymous_0)","decl":{"start":{"line":4,"column":14},"end":{"line":4,"column":15}},"loc":{"start":{"line":4,"column":35},"end":{"line":7,"column":1}},"line":4}},"branchMap":{},"s":{"0":0,"1":0,"2":0,"3":0},"f":{"0":0},"b":{}}
}
